<?xml version="1.0" encoding="UTF-8"?>
<!-- Generated by org.testng.reporters.JUnitXMLReporter -->
<testsuite hostname="BDC6-DX-5F1HXH2" ignored="0" name="Default test" tests="4" failures="0" timestamp="23 Sep 2019 09:10:12 GMT" time="27.12" errors="0">
  <testcase name="testRegistration" time="11.079" classname="testMeApp.onlineShopping"/>
  <testcase name="testLogin" time="1.16" classname="testMeApp.onlineShopping"/>
  <testcase name="testCart" time="2.566" classname="testMeApp.onlineShopping"/>
  <testcase name="testPayment" time="4.099" classname="testMeApp.onlineShopping"/>
</testsuite> <!-- Default test -->
